Performing C++ SOURCE FILE Test COMPILER_SUPPORT_Wshorten64to32 failed with the following output:
Change Dir: /home/user/work/cplusplus/submodule/eigen3.4/build/CMakeFiles/CMakeTmp

Run Build Command(s):/usr/bin/make cmTC_f74cb/fast && /usr/bin/make -f CMakeFiles/cmTC_f74cb.dir/build.make CMakeFiles/cmTC_f74cb.dir/build
make[1]: Entering directory '/home/user/work/cplusplus/submodule/eigen3.4/build/CMakeFiles/CMakeTmp'
Building CXX object CMakeFiles/cmTC_f74cb.dir/src.cxx.o
/usr/bin/c++    -std=c++03 -pedantic -Wall -Wextra -Wundef -Wcast-align -Wchar-subscripts -Wnon-virtual-dtor -Wunused-local-typedefs -Wpointer-arith -Wwrite-strings -Wformat-security -DCOMPILER_SUPPORT_Wshorten64to32 -Werror   -Wshorten-64-to-32 -o CMakeFiles/cmTC_f74cb.dir/src.cxx.o -c /home/user/work/cplusplus/submodule/eigen3.4/build/CMakeFiles/CMakeTmp/src.cxx
c++: error: unrecognized command line option '-Wshorten-64-to-32'
make[1]: *** [CMakeFiles/cmTC_f74cb.dir/build.make:66: CMakeFiles/cmTC_f74cb.dir/src.cxx.o] Error 1
make[1]: Leaving directory '/home/user/work/cplusplus/submodule/eigen3.4/build/CMakeFiles/CMakeTmp'
make: *** [Makefile:121: cmTC_f74cb/fast] Error 2


Source file was:
int main() { return 0; }
Performing C++ SOURCE FILE Test COMPILER_SUPPORT_Wenumconversion failed with the following output:
Change Dir: /home/user/work/cplusplus/submodule/eigen3.4/build/CMakeFiles/CMakeTmp

Run Build Command(s):/usr/bin/make cmTC_81697/fast && /usr/bin/make -f CMakeFiles/cmTC_81697.dir/build.make CMakeFiles/cmTC_81697.dir/build
make[1]: Entering directory '/home/user/work/cplusplus/submodule/eigen3.4/build/CMakeFiles/CMakeTmp'
Building CXX object CMakeFiles/cmTC_81697.dir/src.cxx.o
/usr/bin/c++    -std=c++03 -pedantic -Wall -Wextra -Wundef -Wcast-align -Wchar-subscripts -Wnon-virtual-dtor -Wunused-local-typedefs -Wpointer-arith -Wwrite-strings -Wformat-security -Wlogical-op -DCOMPILER_SUPPORT_Wenumconversion -Werror   -Wenum-conversion -o CMakeFiles/cmTC_81697.dir/src.cxx.o -c /home/user/work/cplusplus/submodule/eigen3.4/build/CMakeFiles/CMakeTmp/src.cxx
c++: error: unrecognized command line option '-Wenum-conversion'; did you mean '-Wno-conversion'?
make[1]: *** [CMakeFiles/cmTC_81697.dir/build.make:66: CMakeFiles/cmTC_81697.dir/src.cxx.o] Error 1
make[1]: Leaving directory '/home/user/work/cplusplus/submodule/eigen3.4/build/CMakeFiles/CMakeTmp'
make: *** [Makefile:121: cmTC_81697/fast] Error 2


Source file was:
int main() { return 0; }
Performing C++ SOURCE FILE Test COMPILER_SUPPORT_Wcpp11extensions failed with the following output:
Change Dir: /home/user/work/cplusplus/submodule/eigen3.4/build/CMakeFiles/CMakeTmp

Run Build Command(s):/usr/bin/make cmTC_0747e/fast && /usr/bin/make -f CMakeFiles/cmTC_0747e.dir/build.make CMakeFiles/cmTC_0747e.dir/build
make[1]: Entering directory '/home/user/work/cplusplus/submodule/eigen3.4/build/CMakeFiles/CMakeTmp'
Building CXX object CMakeFiles/cmTC_0747e.dir/src.cxx.o
/usr/bin/c++    -std=c++03 -pedantic -Wall -Wextra -Wundef -Wcast-align -Wchar-subscripts -Wnon-virtual-dtor -Wunused-local-typedefs -Wpointer-arith -Wwrite-strings -Wformat-security -Wlogical-op -DCOMPILER_SUPPORT_Wcpp11extensions -Werror   -Wc++11-extensions -o CMakeFiles/cmTC_0747e.dir/src.cxx.o -c /home/user/work/cplusplus/submodule/eigen3.4/build/CMakeFiles/CMakeTmp/src.cxx
c++: error: unrecognized command line option '-Wc++11-extensions'; did you mean '-fms-extensions'?
make[1]: *** [CMakeFiles/cmTC_0747e.dir/build.make:66: CMakeFiles/cmTC_0747e.dir/src.cxx.o] Error 1
make[1]: Leaving directory '/home/user/work/cplusplus/submodule/eigen3.4/build/CMakeFiles/CMakeTmp'
make: *** [Makefile:121: cmTC_0747e/fast] Error 2


Source file was:
int main() { return 0; }
Performing C++ SOURCE FILE Test COMPILER_SUPPORT_wd981 failed with the following output:
Change Dir: /home/user/work/cplusplus/submodule/eigen3.4/build/CMakeFiles/CMakeTmp

Run Build Command(s):/usr/bin/make cmTC_33f62/fast && /usr/bin/make -f CMakeFiles/cmTC_33f62.dir/build.make CMakeFiles/cmTC_33f62.dir/build
make[1]: Entering directory '/home/user/work/cplusplus/submodule/eigen3.4/build/CMakeFiles/CMakeTmp'
Building CXX object CMakeFiles/cmTC_33f62.dir/src.cxx.o
/usr/bin/c++    -std=c++03 -pedantic -Wall -Wextra -Wundef -Wcast-align -Wchar-subscripts -Wnon-virtual-dtor -Wunused-local-typedefs -Wpointer-arith -Wwrite-strings -Wformat-security -Wlogical-op -Wdouble-promotion -Wshadow -Wno-psabi -Wno-variadic-macros -Wno-long-long -fno-check-new -fno-common -fstrict-aliasing -DCOMPILER_SUPPORT_wd981 -Werror   -wd981 -o CMakeFiles/cmTC_33f62.dir/src.cxx.o -c /home/user/work/cplusplus/submodule/eigen3.4/build/CMakeFiles/CMakeTmp/src.cxx
c++: error: unrecognized command line option '-wd981'
make[1]: *** [CMakeFiles/cmTC_33f62.dir/build.make:66: CMakeFiles/cmTC_33f62.dir/src.cxx.o] Error 1
make[1]: Leaving directory '/home/user/work/cplusplus/submodule/eigen3.4/build/CMakeFiles/CMakeTmp'
make: *** [Makefile:121: cmTC_33f62/fast] Error 2


Source file was:
int main() { return 0; }
Performing C++ SOURCE FILE Test COMPILER_SUPPORT_wd2304 failed with the following output:
Change Dir: /home/user/work/cplusplus/submodule/eigen3.4/build/CMakeFiles/CMakeTmp

Run Build Command(s):/usr/bin/make cmTC_a0ffc/fast && /usr/bin/make -f CMakeFiles/cmTC_a0ffc.dir/build.make CMakeFiles/cmTC_a0ffc.dir/build
make[1]: Entering directory '/home/user/work/cplusplus/submodule/eigen3.4/build/CMakeFiles/CMakeTmp'
Building CXX object CMakeFiles/cmTC_a0ffc.dir/src.cxx.o
/usr/bin/c++    -std=c++03 -pedantic -Wall -Wextra -Wundef -Wcast-align -Wchar-subscripts -Wnon-virtual-dtor -Wunused-local-typedefs -Wpointer-arith -Wwrite-strings -Wformat-security -Wlogical-op -Wdouble-promotion -Wshadow -Wno-psabi -Wno-variadic-macros -Wno-long-long -fno-check-new -fno-common -fstrict-aliasing -DCOMPILER_SUPPORT_wd2304 -Werror   -wd2304 -o CMakeFiles/cmTC_a0ffc.dir/src.cxx.o -c /home/user/work/cplusplus/submodule/eigen3.4/build/CMakeFiles/CMakeTmp/src.cxx
c++: error: unrecognized command line option '-wd2304'
make[1]: *** [CMakeFiles/cmTC_a0ffc.dir/build.make:66: CMakeFiles/cmTC_a0ffc.dir/src.cxx.o] Error 1
make[1]: Leaving directory '/home/user/work/cplusplus/submodule/eigen3.4/build/CMakeFiles/CMakeTmp'
make: *** [Makefile:121: cmTC_a0ffc/fast] Error 2


Source file was:
int main() { return 0; }
Performing C++ SOURCE FILE Test COMPILER_SUPPORT_STRICTANSI failed with the following output:
Change Dir: /home/user/work/cplusplus/submodule/eigen3.4/build/CMakeFiles/CMakeTmp

Run Build Command(s):/usr/bin/make cmTC_d7b2a/fast && /usr/bin/make -f CMakeFiles/cmTC_d7b2a.dir/build.make CMakeFiles/cmTC_d7b2a.dir/build
make[1]: Entering directory '/home/user/work/cplusplus/submodule/eigen3.4/build/CMakeFiles/CMakeTmp'
Building CXX object CMakeFiles/cmTC_d7b2a.dir/src.cxx.o
/usr/bin/c++    -std=c++03 -pedantic -Wall -Wextra -Wundef -Wcast-align -Wchar-subscripts -Wnon-virtual-dtor -Wunused-local-typedefs -Wpointer-arith -Wwrite-strings -Wformat-security -Wlogical-op -Wdouble-promotion -Wshadow -Wno-psabi -Wno-variadic-macros -Wno-long-long -fno-check-new -fno-common -fstrict-aliasing -DCOMPILER_SUPPORT_STRICTANSI -Werror   -strict-ansi -o CMakeFiles/cmTC_d7b2a.dir/src.cxx.o -c /home/user/work/cplusplus/submodule/eigen3.4/build/CMakeFiles/CMakeTmp/src.cxx
c++: error: unrecognized command line option '-strict-ansi'; did you mean '-fstrict-enums'?
make[1]: *** [CMakeFiles/cmTC_d7b2a.dir/build.make:66: CMakeFiles/cmTC_d7b2a.dir/src.cxx.o] Error 1
make[1]: Leaving directory '/home/user/work/cplusplus/submodule/eigen3.4/build/CMakeFiles/CMakeTmp'
make: *** [Makefile:121: cmTC_d7b2a/fast] Error 2


Source file was:
int main() { return 0; }
Performing C++ SOURCE FILE Test COMPILER_SUPPORT_Qunusedarguments failed with the following output:
Change Dir: /home/user/work/cplusplus/submodule/eigen3.4/build/CMakeFiles/CMakeTmp

Run Build Command(s):/usr/bin/make cmTC_4c1bc/fast && /usr/bin/make -f CMakeFiles/cmTC_4c1bc.dir/build.make CMakeFiles/cmTC_4c1bc.dir/build
make[1]: Entering directory '/home/user/work/cplusplus/submodule/eigen3.4/build/CMakeFiles/CMakeTmp'
Building CXX object CMakeFiles/cmTC_4c1bc.dir/src.cxx.o
/usr/bin/c++    -std=c++03 -pedantic -Wall -Wextra -Wundef -Wcast-align -Wchar-subscripts -Wnon-virtual-dtor -Wunused-local-typedefs -Wpointer-arith -Wwrite-strings -Wformat-security -Wlogical-op -Wdouble-promotion -Wshadow -Wno-psabi -Wno-variadic-macros -Wno-long-long -fno-check-new -fno-common -fstrict-aliasing -DCOMPILER_SUPPORT_Qunusedarguments -Werror   -Qunused-arguments -o CMakeFiles/cmTC_4c1bc.dir/src.cxx.o -c /home/user/work/cplusplus/submodule/eigen3.4/build/CMakeFiles/CMakeTmp/src.cxx
c++: error: unrecognized command line option '-Qunused-arguments'
make[1]: *** [CMakeFiles/cmTC_4c1bc.dir/build.make:66: CMakeFiles/cmTC_4c1bc.dir/src.cxx.o] Error 1
make[1]: Leaving directory '/home/user/work/cplusplus/submodule/eigen3.4/build/CMakeFiles/CMakeTmp'
make: *** [Makefile:121: cmTC_4c1bc/fast] Error 2


Source file was:
int main() { return 0; }
Performing C SOURCE FILE Test CMAKE_HAVE_LIBC_PTHREAD failed with the following output:
Change Dir: /home/user/work/cplusplus/submodule/eigen3.4/build/CMakeFiles/CMakeTmp

Run Build Command(s):/usr/bin/make cmTC_b2dd1/fast && /usr/bin/make -f CMakeFiles/cmTC_b2dd1.dir/build.make CMakeFiles/cmTC_b2dd1.dir/build
make[1]: 进入目录“/home/user/work/cplusplus/submodule/eigen3.4/build/CMakeFiles/CMakeTmp”
Building C object CMakeFiles/cmTC_b2dd1.dir/src.c.o
/usr/bin/cc   -DCMAKE_HAVE_LIBC_PTHREAD   -o CMakeFiles/cmTC_b2dd1.dir/src.c.o   -c /home/user/work/cplusplus/submodule/eigen3.4/build/CMakeFiles/CMakeTmp/src.c
Linking C executable cmTC_b2dd1
/usr/bin/cmake -E cmake_link_script CMakeFiles/cmTC_b2dd1.dir/link.txt --verbose=1
/usr/bin/cc  -DCMAKE_HAVE_LIBC_PTHREAD    CMakeFiles/cmTC_b2dd1.dir/src.c.o  -o cmTC_b2dd1 
/usr/bin/ld: CMakeFiles/cmTC_b2dd1.dir/src.c.o: in function `main':
src.c:(.text+0x46): undefined reference to `pthread_create'
/usr/bin/ld: src.c:(.text+0x52): undefined reference to `pthread_detach'
/usr/bin/ld: src.c:(.text+0x63): undefined reference to `pthread_join'
collect2: error: ld returned 1 exit status
make[1]: *** [CMakeFiles/cmTC_b2dd1.dir/build.make:87：cmTC_b2dd1] 错误 1
make[1]: 离开目录“/home/user/work/cplusplus/submodule/eigen3.4/build/CMakeFiles/CMakeTmp”
make: *** [Makefile:121：cmTC_b2dd1/fast] 错误 2


Source file was:
#include <pthread.h>

void* test_func(void* data)
{
  return data;
}

int main(void)
{
  pthread_t thread;
  pthread_create(&thread, NULL, test_func, NULL);
  pthread_detach(thread);
  pthread_join(thread, NULL);
  pthread_atfork(NULL, NULL, NULL);
  pthread_exit(NULL);

  return 0;
}

Determining if the function pthread_create exists in the pthreads failed with the following output:
Change Dir: /home/user/work/cplusplus/submodule/eigen3.4/build/CMakeFiles/CMakeTmp

Run Build Command(s):/usr/bin/make cmTC_0a196/fast && /usr/bin/make -f CMakeFiles/cmTC_0a196.dir/build.make CMakeFiles/cmTC_0a196.dir/build
make[1]: 进入目录“/home/user/work/cplusplus/submodule/eigen3.4/build/CMakeFiles/CMakeTmp”
Building C object CMakeFiles/cmTC_0a196.dir/CheckFunctionExists.c.o
/usr/bin/cc   -DCHECK_FUNCTION_EXISTS=pthread_create   -o CMakeFiles/cmTC_0a196.dir/CheckFunctionExists.c.o   -c /usr/share/cmake-3.16/Modules/CheckFunctionExists.c
Linking C executable cmTC_0a196
/usr/bin/cmake -E cmake_link_script CMakeFiles/cmTC_0a196.dir/link.txt --verbose=1
/usr/bin/cc  -DCHECK_FUNCTION_EXISTS=pthread_create    CMakeFiles/cmTC_0a196.dir/CheckFunctionExists.c.o  -o cmTC_0a196  -lpthreads 
/usr/bin/ld: 找不到 -lpthreads
collect2: error: ld returned 1 exit status
make[1]: *** [CMakeFiles/cmTC_0a196.dir/build.make:87：cmTC_0a196] 错误 1
make[1]: 离开目录“/home/user/work/cplusplus/submodule/eigen3.4/build/CMakeFiles/CMakeTmp”
make: *** [Makefile:121：cmTC_0a196/fast] 错误 2



Performing C SOURCE FILE Test SCOTCH_Num_4 failed with the following compile output:
Change Dir: /home/user/work/cplusplus/submodule/eigen3.4/build/CMakeFiles/CMakeTmp

Run Build Command(s):/usr/bin/make cmTC_00afa/fast && /usr/bin/make -f CMakeFiles/cmTC_00afa.dir/build.make CMakeFiles/cmTC_00afa.dir/build
make[1]: 进入目录“/home/user/work/cplusplus/submodule/eigen3.4/build/CMakeFiles/CMakeTmp”
Building C object CMakeFiles/cmTC_00afa.dir/src.c.o
/usr/bin/cc   -DSCOTCH_Num_4 -fopenmp   -o CMakeFiles/cmTC_00afa.dir/src.c.o   -c /home/user/work/cplusplus/submodule/eigen3.4/build/CMakeFiles/CMakeTmp/src.c
/home/user/work/cplusplus/submodule/eigen3.4/build/CMakeFiles/CMakeTmp/src.c:4:10: fatal error: scotch.h: 没有那个文件或目录
    4 | #include <scotch.h>
      |          ^~~~~~~~~~
compilation terminated.
make[1]: *** [CMakeFiles/cmTC_00afa.dir/build.make:66：CMakeFiles/cmTC_00afa.dir/src.c.o] 错误 1
make[1]: 离开目录“/home/user/work/cplusplus/submodule/eigen3.4/build/CMakeFiles/CMakeTmp”
make: *** [Makefile:121：cmTC_00afa/fast] 错误 2


...and run output:

Return value: 1
Source file was:

#include <stdio.h>
#include <stdint.h>
#include <scotch.h>
int main(int argc, char **argv) {
  if (sizeof(SCOTCH_Num) == 4)
    return 0;
  else
    return 1;
}

Performing C SOURCE FILE Test SCOTCH_Num_8 failed with the following compile output:
Change Dir: /home/user/work/cplusplus/submodule/eigen3.4/build/CMakeFiles/CMakeTmp

Run Build Command(s):/usr/bin/make cmTC_4cedd/fast && /usr/bin/make -f CMakeFiles/cmTC_4cedd.dir/build.make CMakeFiles/cmTC_4cedd.dir/build
make[1]: 进入目录“/home/user/work/cplusplus/submodule/eigen3.4/build/CMakeFiles/CMakeTmp”
Building C object CMakeFiles/cmTC_4cedd.dir/src.c.o
/usr/bin/cc   -DSCOTCH_Num_8 -fopenmp   -o CMakeFiles/cmTC_4cedd.dir/src.c.o   -c /home/user/work/cplusplus/submodule/eigen3.4/build/CMakeFiles/CMakeTmp/src.c
/home/user/work/cplusplus/submodule/eigen3.4/build/CMakeFiles/CMakeTmp/src.c:4:10: fatal error: scotch.h: 没有那个文件或目录
    4 | #include <scotch.h>
      |          ^~~~~~~~~~
compilation terminated.
make[1]: *** [CMakeFiles/cmTC_4cedd.dir/build.make:66：CMakeFiles/cmTC_4cedd.dir/src.c.o] 错误 1
make[1]: 离开目录“/home/user/work/cplusplus/submodule/eigen3.4/build/CMakeFiles/CMakeTmp”
make: *** [Makefile:121：cmTC_4cedd/fast] 错误 2


...and run output:

Return value: 1
Source file was:

#include <stdio.h>
#include <stdint.h>
#include <scotch.h>
int main(int argc, char **argv) {
  if (sizeof(SCOTCH_Num) == 8)
    return 0;
  else
    return 1;
}

